#
# A fatal error has been detected by the Java Runtime Environment:
#
#  EXCEPTION_ACCESS_VIOLATION (0xc0000005) at pc=0x0000000022dd46f8, pid=16840, tid=3164
#
# JRE version: Java(TM) SE Runtime Environment (8.0_51-b16) (build 1.8.0_51-b16)
# Java VM: Java HotSpot(TM) 64-Bit Server VM (25.51-b03 mixed mode windows-amd64 compressed oops)
# Problematic frame:
# C  0x0000000022dd46f8
#
# Failed to write core dump. Minidumps are not enabled by default on client versions of Windows
#
# If you would like to submit a bug report, please visit:
#   http://bugreport.java.com/bugreport/crash.jsp
#

---------------  T H R E A D  ---------------

Current thread (0x000000001e178800):  JavaThread "JDWP Transport Listener: dt_socket" daemon [_thread_in_vm, id=3164, stack(0x000000001f6d0000,0x000000001f7d0000)]

siginfo: ExceptionCode=0xc0000005, ExceptionInformation=0x0000000000000008 0x0000000022dd46f8

Registers:
RAX=0x000000001f7cf401, RBX=0x0000000022dd46f8, RCX=0x0000000022dd46f8, RDX=0x0000000022dd46f0
RSP=0x000000001f7cf3e8, RBP=0x0000000022dd4700, RSI=0x000000001f7cf508, RDI=0x0000000002d6a350
R8 =0x000000001e178800, R9 =0x0000000000000001, R10=0x0000000000000003, R11=0x000000001f7cf340
R12=0x0000000000000000, R13=0x000000001e1837f8, R14=0x0000000000000000, R15=0x0000000000000000
RIP=0x0000000022dd46f8, EFLAGS=0x0000000000010202

Top of Stack: (sp=0x000000001f7cf3e8)
0x000000001f7cf3e8:   000000005a3181dc 000000001e178800
0x000000001f7cf3f8:   0000000020719140 000000001f7cf4b8
0x000000001f7cf408:   000000005a51c72b 000000001e178800
0x000000001f7cf418:   000000005a538f8d 0000000000000000
0x000000001f7cf428:   0000000059cd9155 000000001e337e38
0x000000001f7cf438:   0000000059ce291e 000000001e178800
0x000000001f7cf448:   0000000000000000 0000000000000000
0x000000001f7cf458:   0000000000000000 0000000022dd4700
0x000000001f7cf468:   0000000059ce1a15 000000001f7cf508
0x000000001f7cf478:   000000001f7cf4e0 0000000000000001
0x000000001f7cf488:   000000001e337e38 0000000022dd4700
0x000000001f7cf498:   0000000059cc53b3 000000001f7cf5d0
0x000000001f7cf4a8:   0000000000000001 0000000000000001
0x000000001f7cf4b8:   000000001e337e38 00000000f0001008
0x000000001f7cf4c8:   0000000000000000 0000000000000000
0x000000001f7cf4d8:   0000000000000000 0000000000000001 

Instructions: (pc=0x0000000022dd46f8)
0x0000000022dd46d8:   d0 46 dd 22 00 00 00 00 d8 46 dd 22 00 00 00 00
0x0000000022dd46e8:   e0 46 dd 22 00 00 00 00 e8 46 dd 22 00 00 00 00
0x0000000022dd46f8:   f0 46 dd 22 00 00 00 00 f8 46 dd 22 00 00 00 00
0x0000000022dd4708:   00 47 dd 22 00 00 00 00 08 47 dd 22 00 00 00 00 


Register to memory mapping:

RAX=0x000000001f7cf401 is pointing into the stack for thread: 0x000000001e178800
RBX=0x0000000022dd46f8 is a global jni handle
RCX=0x0000000022dd46f8 is a global jni handle
RDX=0x0000000022dd46f0 is a global jni handle
RSP=0x000000001f7cf3e8 is pointing into the stack for thread: 0x000000001e178800
RBP=0x0000000022dd4700 is a global jni handle
RSI=0x000000001f7cf508 is pointing into the stack for thread: 0x000000001e178800
RDI=0x0000000002d6a350 is an unknown value
R8 =0x000000001e178800 is a thread
R9 =0x0000000000000001 is an unknown value
R10=0x0000000000000003 is an unknown value
R11=0x000000001f7cf340 is pointing into the stack for thread: 0x000000001e178800
R12=0x0000000000000000 is an unknown value
R13=0x000000001e1837f8 is an unknown value
R14=0x0000000000000000 is an unknown value
R15=0x0000000000000000 is an unknown value


Stack: [0x000000001f6d0000,0x000000001f7d0000],  sp=0x000000001f7cf3e8,  free space=1020k
Native frames: (J=compiled Java code, j=interpreted, Vv=VM code, C=native code)
C  0x0000000022dd46f8


---------------  P R O C E S S  ---------------

Java Threads: ( => current thread )
  0x0000000022fa7800 JavaThread "TimerQueue" daemon [_thread_blocked, id=12108, stack(0x0000000023e70000,0x0000000023f70000)]
  0x0000000020798000 JavaThread "oracle.jdbc.driver.BlockSource.ThreadedCachingBlockSource.BlockReleaser" daemon [_thread_blocked, id=10284, stack(0x0000000021ae0000,0x0000000021be0000)]
  0x0000000002ea2800 JavaThread "DestroyJavaVM" [_thread_blocked, id=19300, stack(0x0000000002d70000,0x0000000002e70000)]
  0x00000000203df000 JavaThread "AWT-EventQueue-0" [_thread_blocked, id=7048, stack(0x0000000021be0000,0x0000000021ce0000)]
  0x00000000203ac800 JavaThread "AWT-Windows" daemon [_thread_in_native, id=14480, stack(0x0000000020b20000,0x0000000020c20000)]
  0x00000000203a9000 JavaThread "AWT-Shutdown" [_thread_blocked, id=18880, stack(0x0000000020a20000,0x0000000020b20000)]
  0x0000000020402800 JavaThread "Java2D Disposer" daemon [_thread_blocked, id=18288, stack(0x0000000020920000,0x0000000020a20000)]
  0x000000001e1a1800 JavaThread "Service Thread" daemon [_thread_blocked, id=16004, stack(0x000000001fdd0000,0x000000001fed0000)]
  0x000000001e1aa000 JavaThread "C1 CompilerThread3" daemon [_thread_blocked, id=19368, stack(0x000000001fcd0000,0x000000001fdd0000)]
  0x000000001e19b000 JavaThread "C2 CompilerThread2" daemon [_thread_blocked, id=4736, stack(0x000000001fbd0000,0x000000001fcd0000)]
  0x000000001e19d000 JavaThread "C2 CompilerThread1" daemon [_thread_blocked, id=15060, stack(0x000000001fad0000,0x000000001fbd0000)]
  0x000000001e1a5000 JavaThread "C2 CompilerThread0" daemon [_thread_blocked, id=11416, stack(0x000000001f9d0000,0x000000001fad0000)]
  0x000000001e18c800 JavaThread "JDWP Command Reader" daemon [_thread_in_native, id=4868, stack(0x000000001f8d0000,0x000000001f9d0000)]
  0x000000001e187800 JavaThread "JDWP Event Helper Thread" daemon [_thread_blocked, id=11028, stack(0x000000001f7d0000,0x000000001f8d0000)]
=>0x000000001e178800 JavaThread "JDWP Transport Listener: dt_socket" daemon [_thread_in_vm, id=3164, stack(0x000000001f6d0000,0x000000001f7d0000)]
  0x000000001e16d800 JavaThread "Attach Listener" daemon [_thread_blocked, id=17876, stack(0x000000001f5d0000,0x000000001f6d0000)]
  0x000000001e16a800 JavaThread "Signal Dispatcher" daemon [_thread_blocked, id=6572, stack(0x000000001f4d0000,0x000000001f5d0000)]
  0x000000001ca8d800 JavaThread "Finalizer" daemon [_thread_blocked, id=11560, stack(0x000000001f3d0000,0x000000001f4d0000)]
  0x000000001ca8c000 JavaThread "Reference Handler" daemon [_thread_blocked, id=2460, stack(0x000000001f2d0000,0x000000001f3d0000)]

Other Threads:
  0x000000001ca85800 VMThread [stack: 0x000000001f1d0000,0x000000001f2d0000] [id=16172]
  0x000000001e23b000 WatcherThread [stack: 0x000000001fed0000,0x000000001ffd0000] [id=17936]

VM state:not at safepoint (normal execution)

VM Mutex/Monitor currently owned by a thread: None

Heap:
 PSYoungGen      total 75776K, used 25450K [0x000000076bf80000, 0x0000000771400000, 0x00000007c0000000)
  eden space 65024K, 39% used [0x000000076bf80000,0x000000076d85aa48,0x000000076ff00000)
  from space 10752K, 0% used [0x000000076ff00000,0x000000076ff00000,0x0000000770980000)
  to   space 10752K, 0% used [0x0000000770980000,0x0000000770980000,0x0000000771400000)
 ParOldGen       total 124928K, used 8567K [0x00000006c3e00000, 0x00000006cb800000, 0x000000076bf80000)
  object space 124928K, 6% used [0x00000006c3e00000,0x00000006c465dd90,0x00000006cb800000)
 Metaspace       used 24911K, capacity 25150K, committed 25472K, reserved 1071104K
  class space    used 3024K, capacity 3111K, committed 3200K, reserved 1048576K

Card table byte_map: [0x0000000012360000,0x0000000012b50000] byte_map_base: 0x000000000ed41000

Marking Bits: (ParMarkBitMap*) 0x000000005a9f4040
 Begin Bits: [0x0000000013aa0000, 0x00000000179a8000)
 End Bits:   [0x00000000179a8000, 0x000000001b8b0000)

Polling page: 0x0000000001500000

CodeCache: size=245760Kb used=7556Kb max_used=7944Kb free=238203Kb
 bounds [0x0000000002fa0000, 0x0000000003770000, 0x0000000011fa0000]
 total_blobs=3056 nmethods=2438 adapters=537
 compilation: enabled

Compilation events (10 events):
Event: 225.163 Thread 0x000000001e1aa000 2680       3       java.util.concurrent.locks.ReentrantReadWriteLock$Sync::exclusiveCount (5 bytes)
Event: 225.163 Thread 0x000000001e1aa000 nmethod 2680 0x0000000003265e90 code [0x0000000003265fe0, 0x0000000003266110]
Event: 225.163 Thread 0x000000001e1aa000 2681       3       sun.java2d.SunGraphics2D::validateBasicStroke (332 bytes)
Event: 225.164 Thread 0x000000001e1aa000 nmethod 2681 0x000000000329f650 code [0x000000000329f960, 0x00000000032a0d28]
Event: 226.149 Thread 0x000000001e1aa000 2685       3       javax.swing.text.Utilities::drawTabbedText (409 bytes)
Event: 226.154 Thread 0x000000001e1aa000 nmethod 2685 0x000000000343bf50 code [0x000000000343c260, 0x000000000343df18]
Event: 226.154 Thread 0x000000001e1aa000 2686       3       javax.swing.text.Utilities::getJComponent (23 bytes)
Event: 226.154 Thread 0x000000001e1aa000 nmethod 2686 0x0000000003237390 code [0x0000000003237520, 0x0000000003237988]
Event: 226.568 Thread 0x000000001e19d000 2687       4       java.awt.Rectangle::<init> (26 bytes)
Event: 226.568 Thread 0x000000001e19d000 nmethod 2687 0x000000000320a5d0 code [0x000000000320a700, 0x000000000320a778]

GC Heap History (4 events):
Event: 1.629 GC heap before
{Heap before GC invocations=1 (full 0):
 PSYoungGen      total 75776K, used 44250K [0x000000076bf80000, 0x0000000771400000, 0x00000007c0000000)
  eden space 65024K, 68% used [0x000000076bf80000,0x000000076eab6ac0,0x000000076ff00000)
  from space 10752K, 0% used [0x0000000770980000,0x0000000770980000,0x0000000771400000)
  to   space 10752K, 0% used [0x000000076ff00000,0x000000076ff00000,0x0000000770980000)
 ParOldGen       total 173568K, used 0K [0x00000006c3e00000, 0x00000006ce780000, 0x000000076bf80000)
  object space 173568K, 0% used [0x00000006c3e00000,0x00000006c3e00000,0x00000006ce780000)
 Metaspace       used 20867K, capacity 21084K, committed 21296K, reserved 1069056K
  class space    used 2510K, capacity 2608K, committed 2688K, reserved 1048576K
Event: 1.635 GC heap after
Heap after GC invocations=1 (full 0):
 PSYoungGen      total 75776K, used 8865K [0x000000076bf80000, 0x0000000771400000, 0x00000007c0000000)
  eden space 65024K, 0% used [0x000000076bf80000,0x000000076bf80000,0x000000076ff00000)
  from space 10752K, 82% used [0x000000076ff00000,0x00000007707a8628,0x0000000770980000)
  to   space 10752K, 0% used [0x0000000770980000,0x0000000770980000,0x0000000771400000)
 ParOldGen       total 173568K, used 24K [0x00000006c3e00000, 0x00000006ce780000, 0x000000076bf80000)
  object space 173568K, 0% used [0x00000006c3e00000,0x00000006c3e06000,0x00000006ce780000)
 Metaspace       used 20867K, capacity 21084K, committed 21296K, reserved 1069056K
  class space    used 2510K, capacity 2608K, committed 2688K, reserved 1048576K
}
Event: 1.635 GC heap before
{Heap before GC invocations=2 (full 1):
 PSYoungGen      total 75776K, used 8865K [0x000000076bf80000, 0x0000000771400000, 0x00000007c0000000)
  eden space 65024K, 0% used [0x000000076bf80000,0x000000076bf80000,0x000000076ff00000)
  from space 10752K, 82% used [0x000000076ff00000,0x00000007707a8628,0x0000000770980000)
  to   space 10752K, 0% used [0x0000000770980000,0x0000000770980000,0x0000000771400000)
 ParOldGen       total 173568K, used 24K [0x00000006c3e00000, 0x00000006ce780000, 0x000000076bf80000)
  object space 173568K, 0% used [0x00000006c3e00000,0x00000006c3e06000,0x00000006ce780000)
 Metaspace       used 20867K, capacity 21084K, committed 21296K, reserved 1069056K
  class space    used 2510K, capacity 2608K, committed 2688K, reserved 1048576K
Event: 1.656 GC heap after
Heap after GC invocations=2 (full 1):
 PSYoungGen      total 75776K, used 0K [0x000000076bf80000, 0x0000000771400000, 0x00000007c0000000)
  eden space 65024K, 0% used [0x000000076bf80000,0x000000076bf80000,0x000000076ff00000)
  from space 10752K, 0% used [0x000000076ff00000,0x000000076ff00000,0x0000000770980000)
  to   space 10752K, 0% used [0x0000000770980000,0x0000000770980000,0x0000000771400000)
 ParOldGen       total 124928K, used 8567K [0x00000006c3e00000, 0x00000006cb800000, 0x000000076bf80000)
  object space 124928K, 6% used [0x00000006c3e00000,0x00000006c465dd90,0x00000006cb800000)
 Metaspace       used 20867K, capacity 21084K, committed 21296K, reserved 1069056K
  class space    used 2510K, capacity 2608K, committed 2688K, reserved 1048576K
}

Deoptimization events (10 events):
Event: 1.681 Thread 0x00000000203df000 Uncommon trap: reason=unstable_if action=reinterpret pc=0x00000000034f84f8 method=java.lang.ref.SoftReference.get()Ljava/lang/Object; @ 17
Event: 1.683 Thread 0x00000000203df000 Uncommon trap: reason=class_check action=maybe_recompile pc=0x000000000320b4d0 method=java.util.Hashtable.put(Ljava/lang/Object;Ljava/lang/Object;)Ljava/lang/Object; @ 60
Event: 1.683 Thread 0x00000000203df000 Uncommon trap: reason=class_check action=maybe_recompile pc=0x000000000320b4d0 method=java.util.Hashtable.put(Ljava/lang/Object;Ljava/lang/Object;)Ljava/lang/Object; @ 60
Event: 1.683 Thread 0x00000000203df000 Uncommon trap: reason=class_check action=maybe_recompile pc=0x000000000320b4d0 method=java.util.Hashtable.put(Ljava/lang/Object;Ljava/lang/Object;)Ljava/lang/Object; @ 60
Event: 1.683 Thread 0x00000000203df000 Uncommon trap: reason=class_check action=maybe_recompile pc=0x000000000320b4d0 method=java.util.Hashtable.put(Ljava/lang/Object;Ljava/lang/Object;)Ljava/lang/Object; @ 60
Event: 1.780 Thread 0x00000000203df000 Uncommon trap: reason=unstable_if action=reinterpret pc=0x0000000003338e84 method=java.lang.ref.SoftReference.get()Ljava/lang/Object; @ 17
Event: 1.800 Thread 0x00000000203df000 Uncommon trap: reason=unstable_if action=reinterpret pc=0x000000000347e1a0 method=java.lang.ref.SoftReference.get()Ljava/lang/Object; @ 17
Event: 1.809 Thread 0x00000000203df000 Uncommon trap: reason=null_check action=make_not_entrant pc=0x000000000324f1dc method=java.awt.Component.isLightweight()Z @ 4
Event: 1.850 Thread 0x00000000203df000 Uncommon trap: reason=unstable_if action=reinterpret pc=0x00000000035dc8e8 method=java.awt.MultipleGradientPaintContext.indexIntoGradientsArrays(F)I @ 93
Event: 1.882 Thread 0x00000000203df000 Uncommon trap: reason=unstable_if action=reinterpret pc=0x000000000333d5f0 method=javax.swing.JComponent.getClientProperty(Ljava/lang/Object;)Ljava/lang/Object; @ 16

Internal exceptions (10 events):
Event: 209.378 Thread 0x00000000203df000 Exception <a 'java/lang/NullPointerException'> (0x000000076d36f458) thrown at [C:\re\workspace\8-2-build-windows-amd64-cygwin\jdk8u51\3951\hotspot\src\share\vm\prims\jvm.cpp, line 1386]
Event: 209.522 Thread 0x00000000203df000 Exception <a 'java/lang/NullPointerException'> (0x000000076d381830) thrown at [C:\re\workspace\8-2-build-windows-amd64-cygwin\jdk8u51\3951\hotspot\src\share\vm\interpreter\linkResolver.cpp, line 1178]
Event: 209.522 Thread 0x00000000203df000 Exception <a 'java/lang/NullPointerException'> (0x000000076d381830) thrown at [C:\re\workspace\8-2-build-windows-amd64-cygwin\jdk8u51\3951\hotspot\src\share\vm\prims\jvm.cpp, line 1386]
Event: 209.522 Thread 0x00000000203df000 Exception <a 'java/lang/NullPointerException'> (0x000000076d381830) thrown at [C:\re\workspace\8-2-build-windows-amd64-cygwin\jdk8u51\3951\hotspot\src\share\vm\prims\jvm.cpp, line 1386]
Event: 209.585 Thread 0x00000000203df000 Exception <a 'java/lang/NullPointerException'> (0x000000076d390448) thrown at [C:\re\workspace\8-2-build-windows-amd64-cygwin\jdk8u51\3951\hotspot\src\share\vm\interpreter\linkResolver.cpp, line 1178]
Event: 209.585 Thread 0x00000000203df000 Exception <a 'java/lang/NullPointerException'> (0x000000076d390448) thrown at [C:\re\workspace\8-2-build-windows-amd64-cygwin\jdk8u51\3951\hotspot\src\share\vm\prims\jvm.cpp, line 1386]
Event: 209.585 Thread 0x00000000203df000 Exception <a 'java/lang/NullPointerException'> (0x000000076d390448) thrown at [C:\re\workspace\8-2-build-windows-amd64-cygwin\jdk8u51\3951\hotspot\src\share\vm\prims\jvm.cpp, line 1386]
Event: 213.807 Thread 0x00000000203df000 Exception <a 'java/lang/NullPointerException'> (0x000000076d3dc290) thrown at [C:\re\workspace\8-2-build-windows-amd64-cygwin\jdk8u51\3951\hotspot\src\share\vm\interpreter\linkResolver.cpp, line 1178]
Event: 213.807 Thread 0x00000000203df000 Exception <a 'java/lang/NullPointerException'> (0x000000076d3dc290) thrown at [C:\re\workspace\8-2-build-windows-amd64-cygwin\jdk8u51\3951\hotspot\src\share\vm\prims\jvm.cpp, line 1386]
Event: 213.807 Thread 0x00000000203df000 Exception <a 'java/lang/NullPointerException'> (0x000000076d3dc290) thrown at [C:\re\workspace\8-2-build-windows-amd64-cygwin\jdk8u51\3951\hotspot\src\share\vm\prims\jvm.cpp, line 1386]

Events (10 events):
Event: 352.590 Executing VM operation: ForceSafepoint
Event: 352.590 Executing VM operation: ForceSafepoint done
Event: 358.140 Executing VM operation: ForceSafepoint
Event: 358.140 Executing VM operation: ForceSafepoint done
Event: 358.145 Executing VM operation: ChangeBreakpoints
Event: 358.145 Executing VM operation: ChangeBreakpoints done
Event: 358.145 Executing VM operation: ChangeBreakpoints
Event: 358.145 Executing VM operation: ChangeBreakpoints done
Event: 358.164 Executing VM operation: RedefineClasses
Event: 358.225 Executing VM operation: RedefineClasses done


Dynamic libraries:
0x00007ff647f20000 - 0x00007ff647f57000 	C:\Oracle\Middleware\Oracle_Home\oracle_common\jdk\bin\javaw.exe
0x00007ffa64d50000 - 0x00007ffa64f67000 	C:\WINDOWS\SYSTEM32\ntdll.dll
0x00007ffa63a70000 - 0x00007ffa63b34000 	C:\WINDOWS\System32\KERNEL32.DLL
0x00007ffa62570000 - 0x00007ffa62927000 	C:\WINDOWS\System32\KERNELBASE.dll
0x00007ffa632c0000 - 0x00007ffa63372000 	C:\WINDOWS\System32\ADVAPI32.dll
0x00007ffa64910000 - 0x00007ffa649b7000 	C:\WINDOWS\System32\msvcrt.dll
0x00007ffa630e0000 - 0x00007ffa63188000 	C:\WINDOWS\System32\sechost.dll
0x00007ffa62930000 - 0x00007ffa62958000 	C:\WINDOWS\System32\bcrypt.dll
0x00007ffa64bf0000 - 0x00007ffa64d04000 	C:\WINDOWS\System32\RPCRT4.dll
0x00007ffa63380000 - 0x00007ffa6352f000 	C:\WINDOWS\System32\USER32.dll
0x00007ffa62480000 - 0x00007ffa624a6000 	C:\WINDOWS\System32\win32u.dll
0x00007ffa644b0000 - 0x00007ffa644d9000 	C:\WINDOWS\System32\GDI32.dll
0x00007ffa622c0000 - 0x00007ffa623d8000 	C:\WINDOWS\System32\gdi32full.dll
0x00007ffa623e0000 - 0x00007ffa6247a000 	C:\WINDOWS\System32\msvcp_win.dll
0x00007ffa62960000 - 0x00007ffa62a71000 	C:\WINDOWS\System32\ucrtbase.dll
0x00007ffa51dc0000 - 0x00007ffa52053000 	C:\WINDOWS\WinSxS\amd64_microsoft.windows.common-controls_6595b64144ccf1df_6.0.22621.3672_none_2713b9d173822955\COMCTL32.dll
0x00007ffa631f0000 - 0x00007ffa63221000 	C:\WINDOWS\System32\IMM32.DLL
0x0000000059d10000 - 0x0000000059de2000 	C:\Oracle\Middleware\Oracle_Home\oracle_common\jdk\jre\bin\msvcr100.dll
0x000000005a1f0000 - 0x000000005aa73000 	C:\Oracle\Middleware\Oracle_Home\oracle_common\jdk\jre\bin\server\jvm.dll
0x00007ffa62b00000 - 0x00007ffa62b08000 	C:\WINDOWS\System32\PSAPI.DLL
0x00007ffa4b550000 - 0x00007ffa4b559000 	C:\WINDOWS\SYSTEM32\WSOCK32.dll
0x00007ffa58000000 - 0x00007ffa58034000 	C:\WINDOWS\SYSTEM32\WINMM.dll
0x00007ffa5e810000 - 0x00007ffa5e81a000 	C:\WINDOWS\SYSTEM32\VERSION.dll
0x00007ffa64890000 - 0x00007ffa64901000 	C:\WINDOWS\System32\WS2_32.dll
0x000000005a1e0000 - 0x000000005a1ef000 	C:\Oracle\Middleware\Oracle_Home\oracle_common\jdk\jre\bin\verify.dll
0x000000005a1b0000 - 0x000000005a1d9000 	C:\Oracle\Middleware\Oracle_Home\oracle_common\jdk\jre\bin\java.dll
0x0000000059cc0000 - 0x0000000059cf5000 	C:\Oracle\Middleware\Oracle_Home\oracle_common\jdk\jre\bin\jdwp.dll
0x0000000059cb0000 - 0x0000000059cb8000 	C:\Oracle\Middleware\Oracle_Home\oracle_common\jdk\jre\bin\npt.dll
0x000000005a190000 - 0x000000005a1a6000 	C:\Oracle\Middleware\Oracle_Home\oracle_common\jdk\jre\bin\zip.dll
0x00007ffa63b40000 - 0x00007ffa643a9000 	C:\WINDOWS\System32\SHELL32.dll
0x00007ffa5ffd0000 - 0x00007ffa608cf000 	C:\WINDOWS\SYSTEM32\windows.storage.dll
0x00007ffa62ba0000 - 0x00007ffa62f2e000 	C:\WINDOWS\System32\combase.dll
0x00007ffa5fcf0000 - 0x00007ffa5fe2f000 	C:\WINDOWS\SYSTEM32\wintypes.dll
0x00007ffa64660000 - 0x00007ffa64759000 	C:\WINDOWS\System32\SHCORE.dll
0x00007ffa649d0000 - 0x00007ffa64a2e000 	C:\WINDOWS\System32\shlwapi.dll
0x00007ffa61f90000 - 0x00007ffa61fb7000 	C:\WINDOWS\SYSTEM32\profapi.dll
0x0000000059ca0000 - 0x0000000059ca9000 	C:\Oracle\Middleware\Oracle_Home\oracle_common\jdk\jre\bin\dt_socket.dll
0x00007ffa61520000 - 0x00007ffa61589000 	C:\WINDOWS\system32\mswsock.dll
0x0000000059fb0000 - 0x000000005a148000 	C:\Oracle\Middleware\Oracle_Home\oracle_common\jdk\jre\bin\awt.dll
0x00007ffa647b0000 - 0x00007ffa64887000 	C:\WINDOWS\System32\OLEAUT32.dll
0x00007ffa5e6a0000 - 0x00007ffa5e737000 	C:\WINDOWS\SYSTEM32\apphelp.dll
0x00007ffa5f010000 - 0x00007ffa5f0c1000 	C:\WINDOWS\system32\uxtheme.dll
0x00007ffa64500000 - 0x00007ffa64660000 	C:\WINDOWS\System32\MSCTF.dll
0x00007ffa62f30000 - 0x00007ffa630d5000 	C:\WINDOWS\System32\ole32.dll
0x00007ffa61050000 - 0x00007ffa61068000 	C:\WINDOWS\SYSTEM32\kernel.appcore.dll
0x00007ffa620d0000 - 0x00007ffa6214b000 	C:\WINDOWS\System32\bcryptPrimitives.dll
0x00007ffa5f480000 - 0x00007ffa5f4ab000 	C:\WINDOWS\system32\DWMAPI.DLL
0x0000000059f60000 - 0x0000000059fa7000 	C:\Oracle\Middleware\Oracle_Home\oracle_common\jdk\jre\bin\fontmanager.dll
0x000000005a170000 - 0x000000005a18a000 	C:\Oracle\Middleware\Oracle_Home\oracle_common\jdk\jre\bin\net.dll
0x000000005a150000 - 0x000000005a161000 	C:\Oracle\Middleware\Oracle_Home\oracle_common\jdk\jre\bin\nio.dll
0x0000000059f10000 - 0x0000000059f52000 	C:\Oracle\Middleware\Oracle_Home\oracle_common\jdk\jre\bin\t2k.dll
0x00007ffa63530000 - 0x00007ffa635e0000 	C:\WINDOWS\System32\clbcatq.dll
0x00007ffa5ecc0000 - 0x00007ffa5ee71000 	C:\WINDOWS\SYSTEM32\WindowsCodecs.dll
0x00007ffa55dc0000 - 0x00007ffa55e1e000 	C:\WINDOWS\system32\dataexchange.dll
0x00007ffa56ed0000 - 0x00007ffa57172000 	C:\WINDOWS\system32\twinapi.appcore.dll
0x0000000059ed0000 - 0x0000000059edd000 	C:\Oracle\Middleware\Oracle_Home\oracle_common\jdk\jre\bin\management.dll
0x0000000059ea0000 - 0x0000000059ec4000 	C:\Oracle\Middleware\Oracle_Home\oracle_common\jdk\jre\bin\sunec.dll
0x00007ffa3edf0000 - 0x00007ffa3ee07000 	C:\WINDOWS\system32\napinsp.dll
0x00007ffa3ec20000 - 0x00007ffa3ec3b000 	C:\WINDOWS\system32\pnrpnsp.dll
0x00007ffa60ab0000 - 0x00007ffa60bb2000 	C:\WINDOWS\SYSTEM32\DNSAPI.dll
0x00007ffa60a80000 - 0x00007ffa60aad000 	C:\WINDOWS\SYSTEM32\IPHLPAPI.DLL
0x00007ffa635e0000 - 0x00007ffa635e9000 	C:\WINDOWS\System32\NSI.dll
0x00007ffa3d530000 - 0x00007ffa3d541000 	C:\WINDOWS\System32\winrnr.dll
0x00007ffa3d480000 - 0x00007ffa3d495000 	C:\WINDOWS\system32\wshbth.dll
0x00007ffa3d1c0000 - 0x00007ffa3d1e7000 	C:\WINDOWS\system32\nlansp_c.dll
0x00007ffa5a800000 - 0x00007ffa5a80a000 	C:\Windows\System32\rasadhlp.dll
0x00007ffa59d40000 - 0x00007ffa59dc3000 	C:\WINDOWS\System32\fwpuclnt.dll
0x00007ffa61770000 - 0x00007ffa6178b000 	C:\WINDOWS\SYSTEM32\CRYPTSP.dll
0x00007ffa61010000 - 0x00007ffa61045000 	C:\WINDOWS\system32\rsaenh.dll
0x00007ffa61610000 - 0x00007ffa61638000 	C:\WINDOWS\SYSTEM32\USERENV.dll
0x00007ffa61790000 - 0x00007ffa6179c000 	C:\WINDOWS\SYSTEM32\CRYPTBASE.dll
0x00007ffa5bd40000 - 0x00007ffa5bd59000 	C:\WINDOWS\SYSTEM32\dhcpcsvc6.DLL
0x00007ffa5bd20000 - 0x00007ffa5bd3f000 	C:\WINDOWS\SYSTEM32\dhcpcsvc.DLL
0x00007ffa53f90000 - 0x00007ffa53fc9000 	C:\Users\LENOVO\AppData\Local\Temp\jSerialComm\2.11.0\jSerialComm.dll
0x00007ffa635f0000 - 0x00007ffa63a64000 	C:\WINDOWS\System32\SETUPAPI.dll
0x00007ffa61c30000 - 0x00007ffa61c5c000 	C:\WINDOWS\SYSTEM32\DEVOBJ.dll
0x00007ffa61c60000 - 0x00007ffa61cae000 	C:\WINDOWS\SYSTEM32\cfgmgr32.dll
0x00007ffa62060000 - 0x00007ffa620cc000 	C:\WINDOWS\System32\WINTRUST.dll
0x00007ffa62150000 - 0x00007ffa622b6000 	C:\WINDOWS\System32\CRYPT32.dll
0x00007ffa61c10000 - 0x00007ffa61c22000 	C:\WINDOWS\SYSTEM32\MSASN1.dll
0x00007ffa58f60000 - 0x00007ffa590a3000 	C:\WINDOWS\SYSTEM32\textinputframework.dll
0x0000000059ee0000 - 0x0000000059f0a000 	C:\Oracle\Middleware\Oracle_Home\oracle_common\jdk\jre\bin\dcpr.dll
0x00007ffa5d130000 - 0x00007ffa5d263000 	C:\WINDOWS\SYSTEM32\CoreMessaging.dll
0x00007ffa59510000 - 0x00007ffa5987d000 	C:\WINDOWS\SYSTEM32\CoreUIComponents.dll
0x00007ffa5fab0000 - 0x00007ffa5fce2000 	C:\WINDOWS\SYSTEM32\dbghelp.dll

VM Arguments:
jvm_args: -agentlib:jdwp=transport=dt_socket,server=y,address=49408 -Dcom.sun.xml.bind.v2.bytecode.ClassTailor.noOptimize=true -Djavax.net.ssl.trustStore=C:\Users\LENOVO\AppData\Local\Temp\trustStore7975887064695958430.jks 
java_command: weightmachinedesktopapplication.WeightMechineJFrame
java_class_path (initial): C:\Users\LENOVO\Desktop\mechine\WeightMachineDesktopApplication\WeightMachineDesktopApplication\.adf;C:\Users\LENOVO\Desktop\mechine\WeightMachineDesktopApplication\WeightMachineDesktopApplication\WeightMachineDesktopApplication\classes;C:\Users\LENOVO\Desktop\mechine\WeightMachineDesktopApplication\WeightMachineDesktopApplication\WeightMachineDesktopApplication\Resources\jSerialComm-2.11.0.jar;C:\Users\LENOVO\Desktop\mechine\WeightMachineDesktopApplication\WeightMachineDesktopApplication\WeightMachineDesktopApplication\Resources\ojdbc7-12.1.0.2.jar;C:\Users\LENOVO\Desktop\mechine\jar\commons-beanutils-1.9.4.jar;C:\Users\LENOVO\Desktop\mechine\jar\commons-collections-3.2.1.jar;C:\Users\LENOVO\Desktop\mechine\jar\commons-digester-2.1.jar;C:\Users\LENOVO\Desktop\mechine\jar\commons-logging-1.2.jar;C:\Users\LENOVO\Desktop\mechine\jar\groovy-all-3.0.9-groovydoc.jar;C:\Users\LENOVO\Desktop\mechine\jar\iText-2.1.7.js2.jar;C:\Users\LENOVO\Desktop\mechine\jar\jasperreports-5.6.0.jar;C:\Users\LENOVO\Desktop\mechine\jar\jSerialComm-2.11.0.jar;C:\Users\LENOVO\Desktop\mechine\jar\ojdbc7-12.1.0.2.jar
Launcher Type: SUN_STANDARD

Environment Variables:
JAVA_HOME=C:\Program Files\Java\jdk1.6.0_45
PATH=C:\Program Files (x86)\Common Files\Oracle\Java\javapath;C:\Program Files\dotnet\;C:\Program Files\Microsoft SQL Server\120\Tools\Binn\;C:\Program Files\Microsoft SQL Server\Client SDK\ODBC\110\Tools\Binn\;C:\Program Files (x86)\Microsoft SQL Server\120\Tools\Binn\;C:\Program Files\Microsoft SQL Server\120\DTS\Binn\;C:\Program Files (x86)\Microsoft SQL Server\120\Tools\Binn\ManagementStudio\;C:\Program Files (x86)\Microsoft SQL Server\120\DTS\Binn\;C:\WINDOWS\system32;C:\WINDOWS;C:\WINDOWS\System32\Wbem;C:\WINDOWS\System32\WindowsPowerShell\v1.0\;C:\WINDOWS\System32\OpenSSH\;C:\Program Files\Microsoft SQL Server\150\Tools\Binn\;C:\Program Files\Java\jdk1.6.0_45\bin;C:\Users\LENOVO\AppData\Local\Microsoft\WindowsApps;C:\Users\LENOVO\.dotnet\tools;E:\server\glassfish5\glassfish5\bin;C:\Program Files\Java\jdk1.8.0_202\bin;C:\Program Files\Java\jdk1.6.0_45\bin;C:\ProgramData\LENOVO\GitHubDesktop\bin;C:\Users\LENOVO\AppData\Local\GitHubDesktop\bin
USERNAME=LENOVO
OS=Windows_NT
PROCESSOR_IDENTIFIER=Intel64 Family 6 Model 165 Stepping 3, GenuineIntel



---------------  S Y S T E M  ---------------

OS: Windows 10.0 , 64 bit Build 22621 (10.0.22621.3958)

CPU:total 12 (6 cores per cpu, 2 threads per core) family 6 model 165 stepping 3, cmov, cx8, fxsr, mmx, sse, sse2, sse3, ssse3, sse4.1, sse4.2, popcnt, avx, avx2, aes, clmul, erms, 3dnowpref, lzcnt, ht, tsc, tscinvbit, bmi1, bmi2, adx

Memory: 4k page, physical 16516020k(8501180k free), swap 28574644k(17564912k free)

vm_info: Java HotSpot(TM) 64-Bit Server VM (25.51-b03) for windows-amd64 JRE (1.8.0_51-b16), built on Jun  8 2015 18:03:07 by "java_re" with MS VC++ 10.0 (VS2010)

time: Thu Oct 24 10:21:00 2024
elapsed time: 358 seconds (0d 0h 5m 58s)

